{"uuid":"06deee36-c47b-4700-8963-3de3c698b157","historyId":"9fceb240c10eddf1747f90733d67d2e6","fullName":"To validate Search by Employees or Size: To Validate Employees or Size Filter","labels":[{"name":"tag","value":"First"},{"name":"tag","value":"Sanity"},{"name":"host","value":"DESKTOP-CU7SE24"},{"name":"thread","value":"5104@DESKTOP-CU7SE24.main(1)"},{"name":"feature","value":"To validate Search by Employees or Size"},{"name":"story","value":"To Validate Employees or Size Filter"},{"name":"suite","value":"To validate Search by Employees or Size"},{"name":"testClass","value":"To Validate Employees or Size Filter"},{"name":"framework","value":"cucumber4jvm"},{"name":"language","value":"java"},{"name":"gherkin_uri","value":"file:TC_15_Search_By_Employees_or_Size.feature"},{"name":"package","value":"TC_15_Search_By_Employees_or_Size_feature.To validate Search by Employees or Size"}],"links":[],"name":"To Validate Employees or Size Filter","status":"broken","statusDetails":{"known":false,"muted":false,"flaky":false,"message":"no such element: Unable to locate element: {\"method\":\"xpath\",\"selector\":\"//strong[contains(text(),'Name')]/../../../../../article/div[1]/div/div/div/div[1]/div/div[2]/span/span\"}\n  (Session info: chrome=109.0.5414.120)\nFor documentation on this error, please visit: https://www.seleniumhq.org/exceptions/no_such_element.html\nBuild info: version: '3.141.59', revision: 'e82be7d358', time: '2018-11-14T08:17:03'\nSystem info: host: 'DESKTOP-CU7SE24', ip: '172.16.17.100', os.name: 'Windows 10', os.arch: 'amd64', os.version: '10.0', java.version: '18.0.2.1'\nDriver info: org.openqa.selenium.chrome.ChromeDriver\nCapabilities {acceptInsecureCerts: false, browserName: chrome, browserVersion: 109.0.5414.120, chrome: {chromedriverVersion: 109.0.5414.74 (e7c5703604da..., userDataDir: C:\\Users\\Astegic\\AppData\\Lo...}, goog:chromeOptions: {debuggerAddress: localhost:55771}, javascriptEnabled: true, networkConnectionEnabled: false, pageLoadStrategy: normal, platform: WINDOWS, platformName: WINDOWS, proxy: Proxy(), setWindowRect: true, strictFileInteractability: false, timeouts: {implicit: 0, pageLoad: 300000, script: 30000}, unhandledPromptBehavior: dismiss and notify, webauthn:extension:credBlob: true, webauthn:extension:largeBlob: true, webauthn:virtualAuthenticators: true}\nSession ID: 3fb1d8e25193021d15971d82c28ed6f1\n*** Element info: {Using=xpath, value=//strong[contains(text(),'Name')]/../../../../../article/div[1]/div/div/div/div[1]/div/div[2]/span/span}","trace":"org.openqa.selenium.NoSuchElementException: no such element: Unable to locate element: {\"method\":\"xpath\",\"selector\":\"//strong[contains(text(),'Name')]/../../../../../article/div[1]/div/div/div/div[1]/div/div[2]/span/span\"}\n  (Session info: chrome=109.0.5414.120)\nFor documentation on this error, please visit: https://www.seleniumhq.org/exceptions/no_such_element.html\nBuild info: version: '3.141.59', revision: 'e82be7d358', time: '2018-11-14T08:17:03'\nSystem info: host: 'DESKTOP-CU7SE24', ip: '172.16.17.100', os.name: 'Windows 10', os.arch: 'amd64', os.version: '10.0', java.version: '18.0.2.1'\nDriver info: org.openqa.selenium.chrome.ChromeDriver\nCapabilities {acceptInsecureCerts: false, browserName: chrome, browserVersion: 109.0.5414.120, chrome: {chromedriverVersion: 109.0.5414.74 (e7c5703604da..., userDataDir: C:\\Users\\Astegic\\AppData\\Lo...}, goog:chromeOptions: {debuggerAddress: localhost:55771}, javascriptEnabled: true, networkConnectionEnabled: false, pageLoadStrategy: normal, platform: WINDOWS, platformName: WINDOWS, proxy: Proxy(), setWindowRect: true, strictFileInteractability: false, timeouts: {implicit: 0, pageLoad: 300000, script: 30000}, unhandledPromptBehavior: dismiss and notify, webauthn:extension:credBlob: true, webauthn:extension:largeBlob: true, webauthn:virtualAuthenticators: true}\nSession ID: 3fb1d8e25193021d15971d82c28ed6f1\n*** Element info: {Using=xpath, value=//strong[contains(text(),'Name')]/../../../../../article/div[1]/div/div/div/div[1]/div/div[2]/span/span}\r\n\tat java.base/jdk.internal.reflect.DirectConstructorHandleAccessor.newInstance(DirectConstructorHandleAccessor.java:67)\r\n\tat java.base/java.lang.reflect.Constructor.newInstanceWithCaller(Constructor.java:499)\r\n\tat java.base/java.lang.reflect.Constructor.newInstance(Constructor.java:483)\r\n\tat org.openqa.selenium.remote.http.W3CHttpResponseCodec.createException(W3CHttpResponseCodec.java:187)\r\n\tat org.openqa.selenium.remote.http.W3CHttpResponseCodec.decode(W3CHttpResponseCodec.java:122)\r\n\tat org.openqa.selenium.remote.http.W3CHttpResponseCodec.decode(W3CHttpResponseCodec.java:49)\r\n\tat org.openqa.selenium.remote.HttpCommandExecutor.execute(HttpCommandExecutor.java:158)\r\n\tat org.openqa.selenium.remote.service.DriverCommandExecutor.execute(DriverCommandExecutor.java:83)\r\n\tat org.openqa.selenium.remote.RemoteWebDriver.execute(RemoteWebDriver.java:552)\r\n\tat org.openqa.selenium.remote.RemoteWebDriver.findElement(RemoteWebDriver.java:323)\r\n\tat org.openqa.selenium.remote.RemoteWebDriver.findElementByXPath(RemoteWebDriver.java:428)\r\n\tat org.openqa.selenium.By$ByXPath.findElement(By.java:353)\r\n\tat org.openqa.selenium.remote.RemoteWebDriver.findElement(RemoteWebDriver.java:315)\r\n\tat org.openqa.selenium.support.pagefactory.DefaultElementLocator.findElement(DefaultElementLocator.java:69)\r\n\tat org.openqa.selenium.support.pagefactory.internal.LocatingElementHandler.invoke(LocatingElementHandler.java:38)\r\n\tat jdk.proxy2/jdk.proxy2.$Proxy26.click(Unknown Source)\r\n\tat org.base.Global.clickButton(Global.java:77)\r\n\tat org.stepdefinition.Steps.I_Click_Searched_Contact(Steps.java:234)\r\n\tat âœ½.Click on the First Contact in Search Result(file:TC_15_Search_By_Employees_or_Size.feature:17)\r\n"},"stage":"finished","steps":[{"name":"When  Click on Employee Size Filter","status":"passed","statusDetails":{"known":false,"muted":false,"flaky":false},"stage":"finished","steps":[],"attachments":[],"parameters":[],"start":1675687048592,"stop":1675687050657},{"name":"And  Enter Minimum Employee Size","status":"passed","statusDetails":{"known":false,"muted":false,"flaky":false},"stage":"finished","steps":[],"attachments":[],"parameters":[],"start":1675687050657,"stop":1675687052817},{"name":"And  Enter Maximum Employee Size","status":"passed","statusDetails":{"known":false,"muted":false,"flaky":false},"stage":"finished","steps":[],"attachments":[],"parameters":[],"start":1675687052817,"stop":1675687054958},{"name":"And  Click on Contact Radio Button","status":"passed","statusDetails":{"known":false,"muted":false,"flaky":false},"stage":"finished","steps":[],"attachments":[],"parameters":[],"start":1675687054958,"stop":1675687055025},{"name":"And  Click on Search Button","status":"passed","statusDetails":{"known":false,"muted":false,"flaky":false},"stage":"finished","steps":[],"attachments":[],"parameters":[],"start":1675687055025,"stop":1675687065118},{"name":"And  Click on the First Contact in Search Result","status":"broken","statusDetails":{"known":false,"muted":false,"flaky":false,"message":"no such element: Unable to locate element: {\"method\":\"xpath\",\"selector\":\"//strong[contains(text(),'Name')]/../../../../../article/div[1]/div/div/div/div[1]/div/div[2]/span/span\"}\n  (Session info: chrome=109.0.5414.120)\nFor documentation on this error, please visit: https://www.seleniumhq.org/exceptions/no_such_element.html\nBuild info: version: '3.141.59', revision: 'e82be7d358', time: '2018-11-14T08:17:03'\nSystem info: host: 'DESKTOP-CU7SE24', ip: '172.16.17.100', os.name: 'Windows 10', os.arch: 'amd64', os.version: '10.0', java.version: '18.0.2.1'\nDriver info: org.openqa.selenium.chrome.ChromeDriver\nCapabilities {acceptInsecureCerts: false, browserName: chrome, browserVersion: 109.0.5414.120, chrome: {chromedriverVersion: 109.0.5414.74 (e7c5703604da..., userDataDir: C:\\Users\\Astegic\\AppData\\Lo...}, goog:chromeOptions: {debuggerAddress: localhost:55771}, javascriptEnabled: true, networkConnectionEnabled: false, pageLoadStrategy: normal, platform: WINDOWS, platformName: WINDOWS, proxy: Proxy(), setWindowRect: true, strictFileInteractability: false, timeouts: {implicit: 0, pageLoad: 300000, script: 30000}, unhandledPromptBehavior: dismiss and notify, webauthn:extension:credBlob: true, webauthn:extension:largeBlob: true, webauthn:virtualAuthenticators: true}\nSession ID: 3fb1d8e25193021d15971d82c28ed6f1\n*** Element info: {Using=xpath, value=//strong[contains(text(),'Name')]/../../../../../article/div[1]/div/div/div/div[1]/div/div[2]/span/span}","trace":"org.openqa.selenium.NoSuchElementException: no such element: Unable to locate element: {\"method\":\"xpath\",\"selector\":\"//strong[contains(text(),'Name')]/../../../../../article/div[1]/div/div/div/div[1]/div/div[2]/span/span\"}\n  (Session info: chrome=109.0.5414.120)\nFor documentation on this error, please visit: https://www.seleniumhq.org/exceptions/no_such_element.html\nBuild info: version: '3.141.59', revision: 'e82be7d358', time: '2018-11-14T08:17:03'\nSystem info: host: 'DESKTOP-CU7SE24', ip: '172.16.17.100', os.name: 'Windows 10', os.arch: 'amd64', os.version: '10.0', java.version: '18.0.2.1'\nDriver info: org.openqa.selenium.chrome.ChromeDriver\nCapabilities {acceptInsecureCerts: false, browserName: chrome, browserVersion: 109.0.5414.120, chrome: {chromedriverVersion: 109.0.5414.74 (e7c5703604da..., userDataDir: C:\\Users\\Astegic\\AppData\\Lo...}, goog:chromeOptions: {debuggerAddress: localhost:55771}, javascriptEnabled: true, networkConnectionEnabled: false, pageLoadStrategy: normal, platform: WINDOWS, platformName: WINDOWS, proxy: Proxy(), setWindowRect: true, strictFileInteractability: false, timeouts: {implicit: 0, pageLoad: 300000, script: 30000}, unhandledPromptBehavior: dismiss and notify, webauthn:extension:credBlob: true, webauthn:extension:largeBlob: true, webauthn:virtualAuthenticators: true}\nSession ID: 3fb1d8e25193021d15971d82c28ed6f1\n*** Element info: {Using=xpath, value=//strong[contains(text(),'Name')]/../../../../../article/div[1]/div/div/div/div[1]/div/div[2]/span/span}\r\n\tat java.base/jdk.internal.reflect.DirectConstructorHandleAccessor.newInstance(DirectConstructorHandleAccessor.java:67)\r\n\tat java.base/java.lang.reflect.Constructor.newInstanceWithCaller(Constructor.java:499)\r\n\tat java.base/java.lang.reflect.Constructor.newInstance(Constructor.java:483)\r\n\tat org.openqa.selenium.remote.http.W3CHttpResponseCodec.createException(W3CHttpResponseCodec.java:187)\r\n\tat org.openqa.selenium.remote.http.W3CHttpResponseCodec.decode(W3CHttpResponseCodec.java:122)\r\n\tat org.openqa.selenium.remote.http.W3CHttpResponseCodec.decode(W3CHttpResponseCodec.java:49)\r\n\tat org.openqa.selenium.remote.HttpCommandExecutor.execute(HttpCommandExecutor.java:158)\r\n\tat org.openqa.selenium.remote.service.DriverCommandExecutor.execute(DriverCommandExecutor.java:83)\r\n\tat org.openqa.selenium.remote.RemoteWebDriver.execute(RemoteWebDriver.java:552)\r\n\tat org.openqa.selenium.remote.RemoteWebDriver.findElement(RemoteWebDriver.java:323)\r\n\tat org.openqa.selenium.remote.RemoteWebDriver.findElementByXPath(RemoteWebDriver.java:428)\r\n\tat org.openqa.selenium.By$ByXPath.findElement(By.java:353)\r\n\tat org.openqa.selenium.remote.RemoteWebDriver.findElement(RemoteWebDriver.java:315)\r\n\tat org.openqa.selenium.support.pagefactory.DefaultElementLocator.findElement(DefaultElementLocator.java:69)\r\n\tat org.openqa.selenium.support.pagefactory.internal.LocatingElementHandler.invoke(LocatingElementHandler.java:38)\r\n\tat jdk.proxy2/jdk.proxy2.$Proxy26.click(Unknown Source)\r\n\tat org.base.Global.clickButton(Global.java:77)\r\n\tat org.stepdefinition.Steps.I_Click_Searched_Contact(Steps.java:234)\r\n\tat âœ½.Click on the First Contact in Search Result(file:TC_15_Search_By_Employees_or_Size.feature:17)\r\n"},"stage":"finished","steps":[],"attachments":[],"parameters":[],"start":1675687065118,"stop":1675687085150},{"name":"Then  validate the Employee Size in Search Result","status":"skipped","statusDetails":{"known":false,"muted":false,"flaky":false},"stage":"finished","steps":[],"attachments":[],"parameters":[],"start":1675687085150,"stop":1675687085151},{"name":"And  Click on the First Contact in Search Result","status":"skipped","statusDetails":{"known":false,"muted":false,"flaky":false},"stage":"finished","steps":[],"attachments":[],"parameters":[],"start":1675687085151,"stop":1675687085151}],"attachments":[],"parameters":[],"start":1675687048591,"stop":1675687085303}