{"uuid":"2c312d6a-54a7-490b-836f-ae811e7723c7","historyId":"1db2e3a1da9c10d1758a5013c9be27bb","fullName":"Validate reverify contact page: To validate reverification page","labels":[{"name":"tag","value":"First"},{"name":"tag","value":"Smoke"},{"name":"tag","value":"Reg"},{"name":"host","value":"DESKTOP-83ETVLJ"},{"name":"thread","value":"29488@DESKTOP-83ETVLJ.main(1)"},{"name":"feature","value":"Validate reverify contact page"},{"name":"story","value":"To validate reverification page"},{"name":"suite","value":"Validate reverify contact page"},{"name":"testClass","value":"To validate reverification page"},{"name":"framework","value":"cucumber4jvm"},{"name":"language","value":"java"},{"name":"gherkin_uri","value":"file:src/test/resources/Features/TC_3_Reverify_Contact.feature"},{"name":"package","value":"src.test.resources.Features.TC_3_Reverify_Contact_feature.Validate reverify contact page"}],"links":[],"name":"To validate reverification page","status":"passed","statusDetails":{"known":false,"muted":false,"flaky":false,"message":"TODO: implement me","trace":"cucumber.api.PendingException: TODO: implement me\r\n\tat io.qameta.allure.cucumber4jvm.AllureCucumber4Jvm.handlePickleStep(AllureCucumber4Jvm.java:387)\r\n\tat io.qameta.allure.cucumber4jvm.AllureCucumber4Jvm.handleTestStepFinished(AllureCucumber4Jvm.java:239)\r\n\tat cucumber.runner.AbstractEventPublisher.send(AbstractEventPublisher.java:45)\r\n\tat cucumber.runner.AbstractEventBus.send(AbstractEventBus.java:9)\r\n\tat cucumber.runner.TimeServiceEventBus.send(TimeServiceEventBus.java:3)\r\n\tat cucumber.runner.ThreadLocalRunnerSupplier$SynchronizedEventBus.send(ThreadLocalRunnerSupplier.java:93)\r\n\tat cucumber.runner.ThreadLocalRunnerSupplier$LocalEventBus.send(ThreadLocalRunnerSupplier.java:61)\r\n\tat cucumber.runner.TestStep.run(TestStep.java:59)\r\n\tat cucumber.runner.PickleStepTestStep.run(PickleStepTestStep.java:43)\r\n\tat cucumber.runner.TestCase.run(TestCase.java:46)\r\n\tat cucumber.runner.Runner.runPickle(Runner.java:50)\r\n\tat io.cucumber.testng.TestNGCucumberRunner.runScenario(TestNGCucumberRunner.java:79)\r\n\tat io.cucumber.testng.AbstractTestNGCucumberTests.runScenario(AbstractTestNGCucumberTests.java:24)\r\n\tat java.base/jdk.internal.reflect.DirectMethodHandleAccessor.invoke(DirectMethodHandleAccessor.java:104)\r\n\tat java.base/java.lang.reflect.Method.invoke(Method.java:577)\r\n\tat org.testng.internal.MethodInvocationHelper.invokeMethod(MethodInvocationHelper.java:124)\r\n\tat org.testng.internal.Invoker.invokeMethod(Invoker.java:583)\r\n\tat org.testng.internal.Invoker.invokeTestMethod(Invoker.java:719)\r\n\tat org.testng.internal.Invoker.invokeTestMethods(Invoker.java:989)\r\n\tat org.testng.internal.TestMethodWorker.invokeTestMethods(TestMethodWorker.java:125)\r\n\tat org.testng.internal.TestMethodWorker.run(TestMethodWorker.java:109)\r\n\tat org.testng.TestRunner.privateRun(TestRunner.java:648)\r\n\tat org.testng.TestRunner.run(TestRunner.java:505)\r\n\tat org.testng.SuiteRunner.runTest(SuiteRunner.java:455)\r\n\tat org.testng.SuiteRunner.runSequentially(SuiteRunner.java:450)\r\n\tat org.testng.SuiteRunner.privateRun(SuiteRunner.java:415)\r\n\tat org.testng.SuiteRunner.run(SuiteRunner.java:364)\r\n\tat org.testng.SuiteRunnerWorker.runSuite(SuiteRunnerWorker.java:52)\r\n\tat org.testng.SuiteRunnerWorker.run(SuiteRunnerWorker.java:84)\r\n\tat org.testng.TestNG.runSuitesSequentially(TestNG.java:1208)\r\n\tat org.testng.TestNG.runSuitesLocally(TestNG.java:1137)\r\n\tat org.testng.TestNG.runSuites(TestNG.java:1049)\r\n\tat org.testng.TestNG.run(TestNG.java:1017)\r\n\tat com.intellij.rt.testng.IDEARemoteTestNG.run(IDEARemoteTestNG.java:66)\r\n\tat com.intellij.rt.testng.RemoteTestNGStarter.main(RemoteTestNGStarter.java:109)\r\n"},"stage":"finished","steps":[{"name":"And  Click on Tasks Tab","status":"passed","statusDetails":{"known":false,"muted":false,"flaky":false},"stage":"finished","steps":[],"attachments":[],"parameters":[],"start":1681105091054,"stop":1681105096159},{"name":"And  Click on Submit","status":"passed","statusDetails":{"known":false,"muted":false,"flaky":false},"stage":"finished","steps":[],"attachments":[],"parameters":[],"start":1681105096160,"stop":1681105096258},{"name":"And  Click on Search Tab","statusDetails":{"known":false,"muted":false,"flaky":false,"message":"TODO: implement me","trace":"cucumber.api.PendingException: TODO: implement me\r\n\tat io.qameta.allure.cucumber4jvm.AllureCucumber4Jvm.handlePickleStep(AllureCucumber4Jvm.java:387)\r\n\tat io.qameta.allure.cucumber4jvm.AllureCucumber4Jvm.handleTestStepFinished(AllureCucumber4Jvm.java:239)\r\n\tat cucumber.runner.AbstractEventPublisher.send(AbstractEventPublisher.java:45)\r\n\tat cucumber.runner.AbstractEventBus.send(AbstractEventBus.java:9)\r\n\tat cucumber.runner.TimeServiceEventBus.send(TimeServiceEventBus.java:3)\r\n\tat cucumber.runner.ThreadLocalRunnerSupplier$SynchronizedEventBus.send(ThreadLocalRunnerSupplier.java:93)\r\n\tat cucumber.runner.ThreadLocalRunnerSupplier$LocalEventBus.send(ThreadLocalRunnerSupplier.java:61)\r\n\tat cucumber.runner.TestStep.run(TestStep.java:59)\r\n\tat cucumber.runner.PickleStepTestStep.run(PickleStepTestStep.java:43)\r\n\tat cucumber.runner.TestCase.run(TestCase.java:46)\r\n\tat cucumber.runner.Runner.runPickle(Runner.java:50)\r\n\tat io.cucumber.testng.TestNGCucumberRunner.runScenario(TestNGCucumberRunner.java:79)\r\n\tat io.cucumber.testng.AbstractTestNGCucumberTests.runScenario(AbstractTestNGCucumberTests.java:24)\r\n\tat java.base/jdk.internal.reflect.DirectMethodHandleAccessor.invoke(DirectMethodHandleAccessor.java:104)\r\n\tat java.base/java.lang.reflect.Method.invoke(Method.java:577)\r\n\tat org.testng.internal.MethodInvocationHelper.invokeMethod(MethodInvocationHelper.java:124)\r\n\tat org.testng.internal.Invoker.invokeMethod(Invoker.java:583)\r\n\tat org.testng.internal.Invoker.invokeTestMethod(Invoker.java:719)\r\n\tat org.testng.internal.Invoker.invokeTestMethods(Invoker.java:989)\r\n\tat org.testng.internal.TestMethodWorker.invokeTestMethods(TestMethodWorker.java:125)\r\n\tat org.testng.internal.TestMethodWorker.run(TestMethodWorker.java:109)\r\n\tat org.testng.TestRunner.privateRun(TestRunner.java:648)\r\n\tat org.testng.TestRunner.run(TestRunner.java:505)\r\n\tat org.testng.SuiteRunner.runTest(SuiteRunner.java:455)\r\n\tat org.testng.SuiteRunner.runSequentially(SuiteRunner.java:450)\r\n\tat org.testng.SuiteRunner.privateRun(SuiteRunner.java:415)\r\n\tat org.testng.SuiteRunner.run(SuiteRunner.java:364)\r\n\tat org.testng.SuiteRunnerWorker.runSuite(SuiteRunnerWorker.java:52)\r\n\tat org.testng.SuiteRunnerWorker.run(SuiteRunnerWorker.java:84)\r\n\tat org.testng.TestNG.runSuitesSequentially(TestNG.java:1208)\r\n\tat org.testng.TestNG.runSuitesLocally(TestNG.java:1137)\r\n\tat org.testng.TestNG.runSuites(TestNG.java:1049)\r\n\tat org.testng.TestNG.run(TestNG.java:1017)\r\n\tat com.intellij.rt.testng.IDEARemoteTestNG.run(IDEARemoteTestNG.java:66)\r\n\tat com.intellij.rt.testng.RemoteTestNGStarter.main(RemoteTestNGStarter.java:109)\r\n"},"stage":"finished","steps":[],"attachments":[],"parameters":[],"start":1681105096258,"stop":1681105096266},{"name":"And  select ReverifyContact Radio button","statusDetails":{"known":false,"muted":false,"flaky":false,"message":"TODO: implement me","trace":"cucumber.api.PendingException: TODO: implement me\r\n\tat io.qameta.allure.cucumber4jvm.AllureCucumber4Jvm.handlePickleStep(AllureCucumber4Jvm.java:387)\r\n\tat io.qameta.allure.cucumber4jvm.AllureCucumber4Jvm.handleTestStepFinished(AllureCucumber4Jvm.java:239)\r\n\tat cucumber.runner.AbstractEventPublisher.send(AbstractEventPublisher.java:45)\r\n\tat cucumber.runner.AbstractEventBus.send(AbstractEventBus.java:9)\r\n\tat cucumber.runner.TimeServiceEventBus.send(TimeServiceEventBus.java:3)\r\n\tat cucumber.runner.ThreadLocalRunnerSupplier$SynchronizedEventBus.send(ThreadLocalRunnerSupplier.java:93)\r\n\tat cucumber.runner.ThreadLocalRunnerSupplier$LocalEventBus.send(ThreadLocalRunnerSupplier.java:61)\r\n\tat cucumber.runner.TestStep.run(TestStep.java:59)\r\n\tat cucumber.runner.PickleStepTestStep.run(PickleStepTestStep.java:43)\r\n\tat cucumber.runner.TestCase.run(TestCase.java:46)\r\n\tat cucumber.runner.Runner.runPickle(Runner.java:50)\r\n\tat io.cucumber.testng.TestNGCucumberRunner.runScenario(TestNGCucumberRunner.java:79)\r\n\tat io.cucumber.testng.AbstractTestNGCucumberTests.runScenario(AbstractTestNGCucumberTests.java:24)\r\n\tat java.base/jdk.internal.reflect.DirectMethodHandleAccessor.invoke(DirectMethodHandleAccessor.java:104)\r\n\tat java.base/java.lang.reflect.Method.invoke(Method.java:577)\r\n\tat org.testng.internal.MethodInvocationHelper.invokeMethod(MethodInvocationHelper.java:124)\r\n\tat org.testng.internal.Invoker.invokeMethod(Invoker.java:583)\r\n\tat org.testng.internal.Invoker.invokeTestMethod(Invoker.java:719)\r\n\tat org.testng.internal.Invoker.invokeTestMethods(Invoker.java:989)\r\n\tat org.testng.internal.TestMethodWorker.invokeTestMethods(TestMethodWorker.java:125)\r\n\tat org.testng.internal.TestMethodWorker.run(TestMethodWorker.java:109)\r\n\tat org.testng.TestRunner.privateRun(TestRunner.java:648)\r\n\tat org.testng.TestRunner.run(TestRunner.java:505)\r\n\tat org.testng.SuiteRunner.runTest(SuiteRunner.java:455)\r\n\tat org.testng.SuiteRunner.runSequentially(SuiteRunner.java:450)\r\n\tat org.testng.SuiteRunner.privateRun(SuiteRunner.java:415)\r\n\tat org.testng.SuiteRunner.run(SuiteRunner.java:364)\r\n\tat org.testng.SuiteRunnerWorker.runSuite(SuiteRunnerWorker.java:52)\r\n\tat org.testng.SuiteRunnerWorker.run(SuiteRunnerWorker.java:84)\r\n\tat org.testng.TestNG.runSuitesSequentially(TestNG.java:1208)\r\n\tat org.testng.TestNG.runSuitesLocally(TestNG.java:1137)\r\n\tat org.testng.TestNG.runSuites(TestNG.java:1049)\r\n\tat org.testng.TestNG.run(TestNG.java:1017)\r\n\tat com.intellij.rt.testng.IDEARemoteTestNG.run(IDEARemoteTestNG.java:66)\r\n\tat com.intellij.rt.testng.RemoteTestNGStarter.main(RemoteTestNGStarter.java:109)\r\n"},"stage":"finished","steps":[],"attachments":[],"parameters":[],"start":1681105096266,"stop":1681105096267},{"name":"And  Click on Activity href","statusDetails":{"known":false,"muted":false,"flaky":false,"message":"TODO: implement me","trace":"cucumber.api.PendingException: TODO: implement me\r\n\tat io.qameta.allure.cucumber4jvm.AllureCucumber4Jvm.handlePickleStep(AllureCucumber4Jvm.java:387)\r\n\tat io.qameta.allure.cucumber4jvm.AllureCucumber4Jvm.handleTestStepFinished(AllureCucumber4Jvm.java:239)\r\n\tat cucumber.runner.AbstractEventPublisher.send(AbstractEventPublisher.java:45)\r\n\tat cucumber.runner.AbstractEventBus.send(AbstractEventBus.java:9)\r\n\tat cucumber.runner.TimeServiceEventBus.send(TimeServiceEventBus.java:3)\r\n\tat cucumber.runner.ThreadLocalRunnerSupplier$SynchronizedEventBus.send(ThreadLocalRunnerSupplier.java:93)\r\n\tat cucumber.runner.ThreadLocalRunnerSupplier$LocalEventBus.send(ThreadLocalRunnerSupplier.java:61)\r\n\tat cucumber.runner.TestStep.run(TestStep.java:59)\r\n\tat cucumber.runner.PickleStepTestStep.run(PickleStepTestStep.java:43)\r\n\tat cucumber.runner.TestCase.run(TestCase.java:46)\r\n\tat cucumber.runner.Runner.runPickle(Runner.java:50)\r\n\tat io.cucumber.testng.TestNGCucumberRunner.runScenario(TestNGCucumberRunner.java:79)\r\n\tat io.cucumber.testng.AbstractTestNGCucumberTests.runScenario(AbstractTestNGCucumberTests.java:24)\r\n\tat java.base/jdk.internal.reflect.DirectMethodHandleAccessor.invoke(DirectMethodHandleAccessor.java:104)\r\n\tat java.base/java.lang.reflect.Method.invoke(Method.java:577)\r\n\tat org.testng.internal.MethodInvocationHelper.invokeMethod(MethodInvocationHelper.java:124)\r\n\tat org.testng.internal.Invoker.invokeMethod(Invoker.java:583)\r\n\tat org.testng.internal.Invoker.invokeTestMethod(Invoker.java:719)\r\n\tat org.testng.internal.Invoker.invokeTestMethods(Invoker.java:989)\r\n\tat org.testng.internal.TestMethodWorker.invokeTestMethods(TestMethodWorker.java:125)\r\n\tat org.testng.internal.TestMethodWorker.run(TestMethodWorker.java:109)\r\n\tat org.testng.TestRunner.privateRun(TestRunner.java:648)\r\n\tat org.testng.TestRunner.run(TestRunner.java:505)\r\n\tat org.testng.SuiteRunner.runTest(SuiteRunner.java:455)\r\n\tat org.testng.SuiteRunner.runSequentially(SuiteRunner.java:450)\r\n\tat org.testng.SuiteRunner.privateRun(SuiteRunner.java:415)\r\n\tat org.testng.SuiteRunner.run(SuiteRunner.java:364)\r\n\tat org.testng.SuiteRunnerWorker.runSuite(SuiteRunnerWorker.java:52)\r\n\tat org.testng.SuiteRunnerWorker.run(SuiteRunnerWorker.java:84)\r\n\tat org.testng.TestNG.runSuitesSequentially(TestNG.java:1208)\r\n\tat org.testng.TestNG.runSuitesLocally(TestNG.java:1137)\r\n\tat org.testng.TestNG.runSuites(TestNG.java:1049)\r\n\tat org.testng.TestNG.run(TestNG.java:1017)\r\n\tat com.intellij.rt.testng.IDEARemoteTestNG.run(IDEARemoteTestNG.java:66)\r\n\tat com.intellij.rt.testng.RemoteTestNGStarter.main(RemoteTestNGStarter.java:109)\r\n"},"stage":"finished","steps":[],"attachments":[],"parameters":[],"start":1681105096267,"stop":1681105096267},{"name":"And  Enter email id in Search by Contact Email","statusDetails":{"known":false,"muted":false,"flaky":false,"message":"TODO: implement me","trace":"cucumber.api.PendingException: TODO: implement me\r\n\tat io.qameta.allure.cucumber4jvm.AllureCucumber4Jvm.handlePickleStep(AllureCucumber4Jvm.java:387)\r\n\tat io.qameta.allure.cucumber4jvm.AllureCucumber4Jvm.handleTestStepFinished(AllureCucumber4Jvm.java:239)\r\n\tat cucumber.runner.AbstractEventPublisher.send(AbstractEventPublisher.java:45)\r\n\tat cucumber.runner.AbstractEventBus.send(AbstractEventBus.java:9)\r\n\tat cucumber.runner.TimeServiceEventBus.send(TimeServiceEventBus.java:3)\r\n\tat cucumber.runner.ThreadLocalRunnerSupplier$SynchronizedEventBus.send(ThreadLocalRunnerSupplier.java:93)\r\n\tat cucumber.runner.ThreadLocalRunnerSupplier$LocalEventBus.send(ThreadLocalRunnerSupplier.java:61)\r\n\tat cucumber.runner.TestStep.run(TestStep.java:59)\r\n\tat cucumber.runner.PickleStepTestStep.run(PickleStepTestStep.java:43)\r\n\tat cucumber.runner.TestCase.run(TestCase.java:46)\r\n\tat cucumber.runner.Runner.runPickle(Runner.java:50)\r\n\tat io.cucumber.testng.TestNGCucumberRunner.runScenario(TestNGCucumberRunner.java:79)\r\n\tat io.cucumber.testng.AbstractTestNGCucumberTests.runScenario(AbstractTestNGCucumberTests.java:24)\r\n\tat java.base/jdk.internal.reflect.DirectMethodHandleAccessor.invoke(DirectMethodHandleAccessor.java:104)\r\n\tat java.base/java.lang.reflect.Method.invoke(Method.java:577)\r\n\tat org.testng.internal.MethodInvocationHelper.invokeMethod(MethodInvocationHelper.java:124)\r\n\tat org.testng.internal.Invoker.invokeMethod(Invoker.java:583)\r\n\tat org.testng.internal.Invoker.invokeTestMethod(Invoker.java:719)\r\n\tat org.testng.internal.Invoker.invokeTestMethods(Invoker.java:989)\r\n\tat org.testng.internal.TestMethodWorker.invokeTestMethods(TestMethodWorker.java:125)\r\n\tat org.testng.internal.TestMethodWorker.run(TestMethodWorker.java:109)\r\n\tat org.testng.TestRunner.privateRun(TestRunner.java:648)\r\n\tat org.testng.TestRunner.run(TestRunner.java:505)\r\n\tat org.testng.SuiteRunner.runTest(SuiteRunner.java:455)\r\n\tat org.testng.SuiteRunner.runSequentially(SuiteRunner.java:450)\r\n\tat org.testng.SuiteRunner.privateRun(SuiteRunner.java:415)\r\n\tat org.testng.SuiteRunner.run(SuiteRunner.java:364)\r\n\tat org.testng.SuiteRunnerWorker.runSuite(SuiteRunnerWorker.java:52)\r\n\tat org.testng.SuiteRunnerWorker.run(SuiteRunnerWorker.java:84)\r\n\tat org.testng.TestNG.runSuitesSequentially(TestNG.java:1208)\r\n\tat org.testng.TestNG.runSuitesLocally(TestNG.java:1137)\r\n\tat org.testng.TestNG.runSuites(TestNG.java:1049)\r\n\tat org.testng.TestNG.run(TestNG.java:1017)\r\n\tat com.intellij.rt.testng.IDEARemoteTestNG.run(IDEARemoteTestNG.java:66)\r\n\tat com.intellij.rt.testng.RemoteTestNGStarter.main(RemoteTestNGStarter.java:109)\r\n"},"stage":"finished","steps":[],"attachments":[],"parameters":[],"start":1681105096267,"stop":1681105096275}],"attachments":[],"parameters":[],"start":1681105091052,"stop":1681105096278}