{"uuid":"580088a1-1e10-44da-b533-7b26c786c271","historyId":"b7ebb38b2cbb27318644abee12ffeb10","fullName":"To validate Credit Deduction: To validate Credit Deduction for contact Reveal","labels":[{"name":"tag","value":"First"},{"name":"tag","value":"Sanity"},{"name":"tag","value":"Credit"},{"name":"host","value":"NHCLPT520"},{"name":"thread","value":"33768@NHCLPT520.main(1)"},{"name":"feature","value":"To validate Credit Deduction"},{"name":"story","value":"To validate Credit Deduction for contact Reveal"},{"name":"suite","value":"To validate Credit Deduction"},{"name":"testClass","value":"To validate Credit Deduction for contact Reveal"},{"name":"framework","value":"cucumber4jvm"},{"name":"language","value":"java"},{"name":"gherkin_uri","value":"file:src/test/resources/Features/New_UI_View/TC_25_Credit_deduction.feature"},{"name":"package","value":"src.test.resources.Features.New_UI_View.TC_25_Credit_deduction_feature.To validate Credit Deduction"}],"links":[],"name":"To validate Credit Deduction for contact Reveal","status":"failed","statusDetails":{"known":false,"muted":false,"flaky":false,"message":"expected [76671447] but found [76671446]","trace":"java.lang.AssertionError: expected [76671447] but found [76671446]\r\n\tat org.testng.Assert.fail(Assert.java:96)\r\n\tat org.testng.Assert.failNotEquals(Assert.java:776)\r\n\tat org.testng.Assert.assertEqualsImpl(Assert.java:137)\r\n\tat org.testng.Assert.assertEquals(Assert.java:118)\r\n\tat org.testng.Assert.assertEquals(Assert.java:442)\r\n\tat org.stepdefinition.Steps.I_Validate_the_Credit_after_revealing_the_contact(Steps.java:6319)\r\n\tat ✽.Validate the Credit after revealing the contact(file:src/test/resources/Features/New_UI_View/TC_25_Credit_deduction.feature:20)\r\n"},"stage":"finished","steps":[{"name":"When  Click on Contact Radio Button","status":"passed","statusDetails":{"known":false,"muted":false,"flaky":false},"stage":"finished","steps":[],"attachments":[],"parameters":[],"start":1679374605706,"stop":1679374605815},{"name":"When  Click on Search Button","status":"passed","statusDetails":{"known":false,"muted":false,"flaky":false},"stage":"finished","steps":[],"attachments":[],"parameters":[],"start":1679374605816,"stop":1679374615940},{"name":"And  Clcik on Machine verified Radio button","status":"passed","statusDetails":{"known":false,"muted":false,"flaky":false},"stage":"finished","steps":[],"attachments":[],"parameters":[],"start":1679374615940,"stop":1679374626085},{"name":"And  Get the credit count before reveal","status":"passed","statusDetails":{"known":false,"muted":false,"flaky":false},"stage":"finished","steps":[],"attachments":[],"parameters":[],"start":1679374626085,"stop":1679374626136},{"name":"And  Find non revealed contact and click on Reveal button","status":"passed","statusDetails":{"known":false,"muted":false,"flaky":false},"stage":"finished","steps":[],"attachments":[],"parameters":[],"start":1679374626136,"stop":1679374952447},{"name":"And  Validate the Credit after revealing the contact","status":"failed","statusDetails":{"known":false,"muted":false,"flaky":false,"message":"expected [76671447] but found [76671446]","trace":"java.lang.AssertionError: expected [76671447] but found [76671446]\r\n\tat org.testng.Assert.fail(Assert.java:96)\r\n\tat org.testng.Assert.failNotEquals(Assert.java:776)\r\n\tat org.testng.Assert.assertEqualsImpl(Assert.java:137)\r\n\tat org.testng.Assert.assertEquals(Assert.java:118)\r\n\tat org.testng.Assert.assertEquals(Assert.java:442)\r\n\tat org.stepdefinition.Steps.I_Validate_the_Credit_after_revealing_the_contact(Steps.java:6319)\r\n\tat ✽.Validate the Credit after revealing the contact(file:src/test/resources/Features/New_UI_View/TC_25_Credit_deduction.feature:20)\r\n"},"stage":"finished","steps":[],"attachments":[],"parameters":[],"start":1679374952447,"stop":1679374962527}],"attachments":[],"parameters":[],"start":1679374605704,"stop":1679374962646}