{"uuid":"5d9ea5de-b207-468a-b21d-7672aa7f47a6","historyId":"67f89ad7f1de55ab14fe704da089e822","fullName":"To validate Saved Search Tab: To validate SalesIntel application Valid User Username and Valid Password","labels":[{"name":"tag","value":"First"},{"name":"tag","value":"Sanity"},{"name":"host","value":"Yogesh"},{"name":"thread","value":"32024@Yogesh.main(1)"},{"name":"feature","value":"To validate Saved Search Tab"},{"name":"story","value":"To validate SalesIntel application Valid User Username and Valid Password"},{"name":"suite","value":"To validate Saved Search Tab"},{"name":"testClass","value":"To validate SalesIntel application Valid User Username and Valid Password"},{"name":"framework","value":"cucumber4jvm"},{"name":"language","value":"java"},{"name":"gherkin_uri","value":"file:/D:/Automation/New_Revdriver/SalesIntel_QA_Automation-master/src/test/resources/Features/New_UI_View/TC_23_Saved_Search_Tab.feature"},{"name":"package","value":"src.test.resources.Features.New_UI_View.TC_23_Saved_Search_Tab_feature.To validate Saved Search Tab"}],"links":[],"name":"To validate SalesIntel application Valid User Username and Valid Password","status":"broken","statusDetails":{"known":false,"muted":false,"flaky":false,"message":"Cannot locate an element using xpath=//input[@type='text']\nFor documentation on this error, please visit: https://www.seleniumhq.org/exceptions/no_such_element.html\nBuild info: version: '3.141.59', revision: 'e82be7d358', time: '2018-11-14T08:17:03'\nSystem info: host: 'YOGESH', ip: '172.16.17.18', os.name: 'Windows 11', os.arch: 'amd64', os.version: '10.0', java.version: '18.0.1.1'\nDriver info: driver.version: RemoteWebDriver","trace":"org.openqa.selenium.NoSuchElementException: Cannot locate an element using xpath=//input[@type='text']\nFor documentation on this error, please visit: https://www.seleniumhq.org/exceptions/no_such_element.html\nBuild info: version: '3.141.59', revision: 'e82be7d358', time: '2018-11-14T08:17:03'\nSystem info: host: 'YOGESH', ip: '172.16.17.18', os.name: 'Windows 11', os.arch: 'amd64', os.version: '10.0', java.version: '18.0.1.1'\nDriver info: driver.version: RemoteWebDriver\r\n\tat org.openqa.selenium.remote.RemoteWebDriver.findElement(RemoteWebDriver.java:327)\r\n\tat org.openqa.selenium.remote.RemoteWebDriver.findElementByXPath(RemoteWebDriver.java:428)\r\n\tat org.openqa.selenium.By$ByXPath.findElement(By.java:353)\r\n\tat org.openqa.selenium.remote.RemoteWebDriver.findElement(RemoteWebDriver.java:315)\r\n\tat org.openqa.selenium.support.pagefactory.DefaultElementLocator.findElement(DefaultElementLocator.java:69)\r\n\tat org.openqa.selenium.support.pagefactory.internal.LocatingElementHandler.invoke(LocatingElementHandler.java:38)\r\n\tat jdk.proxy2/jdk.proxy2.$Proxy26.sendKeys(Unknown Source)\r\n\tat org.base.Global.enterData(Global.java:63)\r\n\tat org.stepdefinition.Steps.i_enter_the_username(Steps.java:112)\r\n\tat ✽.Enter Valid Username(file:/D:/Automation/New_Revdriver/SalesIntel_QA_Automation-master/src/test/resources/Features/New_UI_View/TC_23_Saved_Search_Tab.feature:10)\r\n"},"stage":"finished","steps":[{"name":"When  Enter Valid Username","status":"broken","statusDetails":{"known":false,"muted":false,"flaky":false,"message":"Cannot locate an element using xpath=//input[@type='text']\nFor documentation on this error, please visit: https://www.seleniumhq.org/exceptions/no_such_element.html\nBuild info: version: '3.141.59', revision: 'e82be7d358', time: '2018-11-14T08:17:03'\nSystem info: host: 'YOGESH', ip: '172.16.17.18', os.name: 'Windows 11', os.arch: 'amd64', os.version: '10.0', java.version: '18.0.1.1'\nDriver info: driver.version: RemoteWebDriver","trace":"org.openqa.selenium.NoSuchElementException: Cannot locate an element using xpath=//input[@type='text']\nFor documentation on this error, please visit: https://www.seleniumhq.org/exceptions/no_such_element.html\nBuild info: version: '3.141.59', revision: 'e82be7d358', time: '2018-11-14T08:17:03'\nSystem info: host: 'YOGESH', ip: '172.16.17.18', os.name: 'Windows 11', os.arch: 'amd64', os.version: '10.0', java.version: '18.0.1.1'\nDriver info: driver.version: RemoteWebDriver\r\n\tat org.openqa.selenium.remote.RemoteWebDriver.findElement(RemoteWebDriver.java:327)\r\n\tat org.openqa.selenium.remote.RemoteWebDriver.findElementByXPath(RemoteWebDriver.java:428)\r\n\tat org.openqa.selenium.By$ByXPath.findElement(By.java:353)\r\n\tat org.openqa.selenium.remote.RemoteWebDriver.findElement(RemoteWebDriver.java:315)\r\n\tat org.openqa.selenium.support.pagefactory.DefaultElementLocator.findElement(DefaultElementLocator.java:69)\r\n\tat org.openqa.selenium.support.pagefactory.internal.LocatingElementHandler.invoke(LocatingElementHandler.java:38)\r\n\tat jdk.proxy2/jdk.proxy2.$Proxy26.sendKeys(Unknown Source)\r\n\tat org.base.Global.enterData(Global.java:63)\r\n\tat org.stepdefinition.Steps.i_enter_the_username(Steps.java:112)\r\n\tat ✽.Enter Valid Username(file:/D:/Automation/New_Revdriver/SalesIntel_QA_Automation-master/src/test/resources/Features/New_UI_View/TC_23_Saved_Search_Tab.feature:10)\r\n"},"stage":"finished","steps":[],"attachments":[],"parameters":[],"start":1678446783063,"stop":1678446795524},{"name":"And  Enter Valid Password","status":"skipped","statusDetails":{"known":false,"muted":false,"flaky":false},"stage":"finished","steps":[],"attachments":[],"parameters":[],"start":1678446795528,"stop":1678446795529},{"name":"Then  Click On Login Button","status":"skipped","statusDetails":{"known":false,"muted":false,"flaky":false},"stage":"finished","steps":[],"attachments":[],"parameters":[],"start":1678446795529,"stop":1678446795531}],"attachments":[],"parameters":[],"start":1678446783063,"stop":1678446795553}