{"uuid":"bcc0d0a1-279f-4045-a163-86586ee2f5d4","historyId":"b7ebb38b2cbb27318644abee12ffeb10","fullName":"To validate Credit Deduction: To validate Credit Deduction for contact Reveal","labels":[{"name":"tag","value":"First"},{"name":"tag","value":"Sanity"},{"name":"tag","value":"Credit"},{"name":"host","value":"NHCLPT520"},{"name":"thread","value":"15188@NHCLPT520.main(1)"},{"name":"feature","value":"To validate Credit Deduction"},{"name":"story","value":"To validate Credit Deduction for contact Reveal"},{"name":"suite","value":"To validate Credit Deduction"},{"name":"testClass","value":"To validate Credit Deduction for contact Reveal"},{"name":"framework","value":"cucumber4jvm"},{"name":"language","value":"java"},{"name":"gherkin_uri","value":"file:src/test/resources/Features/New_UI_View/TC_25_Credit_deduction.feature"},{"name":"package","value":"src.test.resources.Features.New_UI_View.TC_25_Credit_deduction_feature.To validate Credit Deduction"}],"links":[],"name":"To validate Credit Deduction for contact Reveal","status":"failed","statusDetails":{"known":false,"muted":false,"flaky":false,"message":"expected [76671448] but found [76671447]","trace":"java.lang.AssertionError: expected [76671448] but found [76671447]\r\n\tat org.testng.Assert.fail(Assert.java:96)\r\n\tat org.testng.Assert.failNotEquals(Assert.java:776)\r\n\tat org.testng.Assert.assertEqualsImpl(Assert.java:137)\r\n\tat org.testng.Assert.assertEquals(Assert.java:118)\r\n\tat org.testng.Assert.assertEquals(Assert.java:442)\r\n\tat org.stepdefinition.Steps.I_Validate_the_Credit_after_revealing_the_contact(Steps.java:6324)\r\n\tat ✽.Validate the Credit after revealing the contact(file:src/test/resources/Features/New_UI_View/TC_25_Credit_deduction.feature:20)\r\n"},"stage":"finished","steps":[{"name":"When  Click on Contact Radio Button","status":"passed","statusDetails":{"known":false,"muted":false,"flaky":false},"stage":"finished","steps":[],"attachments":[],"parameters":[],"start":1679372948848,"stop":1679372948951},{"name":"When  Click on Search Button","status":"passed","statusDetails":{"known":false,"muted":false,"flaky":false},"stage":"finished","steps":[],"attachments":[],"parameters":[],"start":1679372948951,"stop":1679372960099},{"name":"And  Clcik on Machine verified Radio button","status":"passed","statusDetails":{"known":false,"muted":false,"flaky":false},"stage":"finished","steps":[],"attachments":[],"parameters":[],"start":1679372960100,"stop":1679372970336},{"name":"And  Get the credit count before reveal","status":"passed","statusDetails":{"known":false,"muted":false,"flaky":false},"stage":"finished","steps":[],"attachments":[],"parameters":[],"start":1679372970337,"stop":1679372970402},{"name":"And  Find non revealed contact and click on Reveal button","status":"passed","statusDetails":{"known":false,"muted":false,"flaky":false},"stage":"finished","steps":[],"attachments":[],"parameters":[],"start":1679372970403,"stop":1679373273181},{"name":"And  Validate the Credit after revealing the contact","status":"failed","statusDetails":{"known":false,"muted":false,"flaky":false,"message":"expected [76671448] but found [76671447]","trace":"java.lang.AssertionError: expected [76671448] but found [76671447]\r\n\tat org.testng.Assert.fail(Assert.java:96)\r\n\tat org.testng.Assert.failNotEquals(Assert.java:776)\r\n\tat org.testng.Assert.assertEqualsImpl(Assert.java:137)\r\n\tat org.testng.Assert.assertEquals(Assert.java:118)\r\n\tat org.testng.Assert.assertEquals(Assert.java:442)\r\n\tat org.stepdefinition.Steps.I_Validate_the_Credit_after_revealing_the_contact(Steps.java:6324)\r\n\tat ✽.Validate the Credit after revealing the contact(file:src/test/resources/Features/New_UI_View/TC_25_Credit_deduction.feature:20)\r\n"},"stage":"finished","steps":[],"attachments":[],"parameters":[],"start":1679373273182,"stop":1679373283293}],"attachments":[],"parameters":[],"start":1679372948846,"stop":1679373283408}